<?xml version="1.0" encoding="UTF-8"?>
<!-- Generated by org.testng.reporters.JUnitXMLReporter -->
<testsuite ignored="0" hostname="DESKTOP-UEFCS5P" failures="0" tests="4" name="Default test" time="68.543" errors="0" timestamp="2023-11-27T23:46:34 ICT">
  <testcase classname="automation.testsuite.LoginTest" name="LoginSuccessfully" time="7.686"/>
  <testcase classname="automation.testsuite.LoginTest" name="LoginFailIncorrectEmail" time="1.56"/>
  <testcase classname="automation.testsuite.LoginTest" name="LoginFailIncorrectPass" time="1.746"/>
  <testcase classname="automation.testsuite.LoginTest" name="LoginFailIncorrectEmailAndPass" time="1.666"/>
</testsuite> <!-- Default test -->
