<?xml version="1.0" encoding="UTF-8"?>
<testng-results ignored="0" total="1" passed="1" failed="0" skipped="0">
  <reporter-output>
  </reporter-output>
  <suite started-at="2023-12-05T15:58:17 ICT" name="Default suite" finished-at="2023-12-05T15:58:51 ICT" duration-ms="33982">
    <groups>
    </groups>
    <test started-at="2023-12-05T15:58:17 ICT" name="Default test" finished-at="2023-12-05T15:58:51 ICT" duration-ms="33982">
      <class name="automation.testsuite.ClientTest">
        <test-method is-config="true" signature="openChrome()[pri:0, instance:automation.testsuite.ClientTest@d5b810e]" started-at="2023-12-05T15:58:17 ICT" name="openChrome" finished-at="2023-12-05T15:58:26 ICT" duration-ms="9184" status="PASS">
          <reporter-output>
          </reporter-output>
        </test-method> <!-- openChrome -->
        <test-method signature="AddClientSuccessful()[pri:0, instance:automation.testsuite.ClientTest@d5b810e]" started-at="2023-12-05T15:58:26 ICT" name="AddClientSuccessful" finished-at="2023-12-05T15:58:51 ICT" duration-ms="24737" status="PASS">
          <reporter-output>
          </reporter-output>
        </test-method> <!-- AddClientSuccessful -->
      </class> <!-- automation.testsuite.ClientTest -->
    </test> <!-- Default test -->
  </suite> <!-- Default suite -->
</testng-results>
