<?xml version="1.0" encoding="UTF-8"?>
<testng-results ignored="0" total="1" passed="1" failed="0" skipped="0">
  <reporter-output>
  </reporter-output>
  <suite started-at="2023-11-18T00:19:18 ICT" name="Default suite" finished-at="2023-11-18T00:19:23 ICT" duration-ms="4678">
    <groups>
    </groups>
    <test started-at="2023-11-18T00:19:18 ICT" name="Default test" finished-at="2023-11-18T00:19:23 ICT" duration-ms="4678">
      <class name="automation.testsuite.Day8_BTVN">
        <test-method is-config="true" signature="openChromeDriver()[pri:0, instance:automation.testsuite.Day8_BTVN@bae7dc0]" started-at="2023-11-18T00:19:18 ICT" name="openChromeDriver" finished-at="2023-11-18T00:19:23 ICT" duration-ms="4599" status="PASS">
          <reporter-output>
          </reporter-output>
        </test-method> <!-- openChromeDriver -->
        <test-method signature="GetLocator()[pri:0, instance:automation.testsuite.Day8_BTVN@bae7dc0]" started-at="2023-11-18T00:19:23 ICT" name="GetLocator" finished-at="2023-11-18T00:19:23 ICT" duration-ms="50" status="PASS">
          <reporter-output>
          </reporter-output>
        </test-method> <!-- GetLocator -->
      </class> <!-- automation.testsuite.Day8_BTVN -->
    </test> <!-- Default test -->
  </suite> <!-- Default suite -->
</testng-results>
